This file contains any messages produced by compilers while
running configure, to aid debugging if configure makes a mistake.

It was created by parea3 configure 2.0, which was
generated by GNU Autoconf 2.69.  Invocation command line was

  $ ./configure 

## --------- ##
## Platform. ##
## --------- ##

hostname = kresjemir-PC
uname -m = i686
uname -r = 1.7.28(0.271/5/3)
uname -s = CYGWIN_NT-6.1-WOW64
uname -v = 2014-02-09 21:06

/usr/bin/uname -p = unknown
/bin/uname -X     = unknown

/bin/arch              = i686
/usr/bin/arch -k       = unknown
/usr/convex/getsysinfo = unknown
/usr/bin/hostinfo      = unknown
/bin/machine           = unknown
/usr/bin/oslevel       = unknown
/bin/universe          = unknown

PATH: /usr/local/bin
PATH: /usr/bin
PATH: /cygdrive/c/Program Files (x86)/Haskell/bin
PATH: /cygdrive/c/Program Files (x86)/Haskell Platform/2013.2.0.0/lib/extralibs/bin
PATH: /cygdrive/c/Program Files (x86)/Haskell Platform/2013.2.0.0/bin
PATH: /cygdrive/c/Program Files/Common Files/Microsoft Shared/Windows Live
PATH: /cygdrive/c/Program Files (x86)/Common Files/Microsoft Shared/Windows Live
PATH: /cygdrive/c/Windows/system32
PATH: /cygdrive/c/Windows
PATH: /cygdrive/c/Windows/System32/Wbem
PATH: /cygdrive/c/Windows/System32/WindowsPowerShell/v1.0
PATH: /cygdrive/c/Program Files/Intel/WiFi/bin
PATH: /cygdrive/c/Program Files/Common Files/Intel/WirelessCommon
PATH: /cygdrive/c/Program Files (x86)/Windows Live/Shared
PATH: /cygdrive/c/Program Files (x86)/Haskell Platform/2013.2.0.0/mingw/bin
PATH: /cygdrive/c/Program Files (x86)/GNU/GnuPG/pub
PATH: /cygdrive/c/Program Files (x86)/Skype/Phone
PATH: /cygdrive/c/Users/kresjemir/AppData/Roaming/cabal/bin
PATH: /cygdrive/c/Program Files/Intel/WiFi/bin
PATH: /cygdrive/c/Program Files/Common Files/Intel/WirelessCommon


## ----------- ##
## Core tests. ##
## ----------- ##

configure:2290: checking for a BSD-compatible install
configure:2358: result: /usr/bin/install -c
configure:2369: checking whether build environment is sane
configure:2424: result: yes
configure:2575: checking for a thread-safe mkdir -p
configure:2614: result: /usr/bin/mkdir -p
configure:2621: checking for gawk
configure:2637: found /usr/bin/gawk
configure:2648: result: gawk
configure:2659: checking whether make sets $(MAKE)
configure:2681: result: yes
configure:2710: checking whether make supports nested variables
configure:2727: result: yes
configure:2882: checking build system type
configure:2896: result: i686-pc-cygwin
configure:2916: checking host system type
configure:2929: result: i686-pc-cygwin
configure:2970: checking how to print strings
configure:2997: result: printf
configure:3030: checking for style of include used by make
configure:3058: result: GNU
configure:3129: checking for gcc
configure:3145: found /usr/bin/gcc
configure:3156: result: gcc
configure:3385: checking for C compiler version
configure:3394: gcc --version >&5
gcc (GCC) 4.8.2
Copyright (C) 2013 Free Software Foundation, Inc.
This is free software; see the source for copying conditions.  There is NO
warranty; not even for MERCHANTABILITY or FITNESS FOR A PARTICULAR PURPOSE.

configure:3405: $? = 0
configure:3394: gcc -v >&5
Using built-in specs.
COLLECT_GCC=gcc
COLLECT_LTO_WRAPPER=/usr/lib/gcc/i686-pc-cygwin/4.8.2/lto-wrapper.exe
Target: i686-pc-cygwin
Configured with: /cygdrive/i/szsz/tmpp/gcc4/gcc-4.8.2-2/src/gcc-4.8.2/configure --srcdir=/cygdrive/i/szsz/tmpp/gcc4/gcc-4.8.2-2/src/gcc-4.8.2 --prefix=/usr --exec-prefix=/usr --bindir=/usr/bin --sbindir=/usr/sbin --libexecdir=/usr/libexec --datadir=/usr/share --localstatedir=/var --sysconfdir=/etc --libdir=/usr/lib --datarootdir=/usr/share --docdir=/usr/share/doc/gcc --htmldir=/usr/share/doc/gcc/html -C --build=i686-pc-cygwin --host=i686-pc-cygwin --target=i686-pc-cygwin --without-libiconv-prefix --without-libintl-prefix --enable-shared --enable-shared-libgcc --enable-static --enable-version-specific-runtime-libs --enable-bootstrap --disable-__cxa_atexit --with-dwarf2 --with-arch=i686 --with-tune=generic --disable-sjlj-exceptions --enable-languages=ada,c,c++,fortran,java,lto,objc,obj-c++ --enable-graphite --enable-threads=posix --enable-libatomic --enable-libgomp --disable-libitm --enable-libquadmath --enable-libquadmath-support --enable-libssp --enable-libada --enable-libjava --enable-libgcj-sublibs --disable-java-awt --disable-symvers --with-ecj-jar=/usr/share/java/ecj.jar --with-gnu-ld --with-gnu-as --with-cloog-include=/usr/include/cloog-isl --without-libiconv-prefix --without-libintl-prefix --with-system-zlib --libexecdir=/usr/lib
Thread model: posix
gcc version 4.8.2 (GCC) 
configure:3405: $? = 0
configure:3394: gcc -V >&5
gcc: error: unrecognized command line option '-V'
gcc: fatal error: no input files
compilation terminated.
configure:3405: $? = 1
configure:3394: gcc -qversion >&5
gcc: error: unrecognized command line option '-qversion'
gcc: fatal error: no input files
compilation terminated.
configure:3405: $? = 1
configure:3425: checking whether the C compiler works
configure:3447: gcc    conftest.c  >&5
configure:3451: $? = 0
configure:3499: result: yes
configure:3502: checking for C compiler default output file name
configure:3504: result: a.exe
configure:3510: checking for suffix of executables
configure:3517: gcc -o conftest.exe    conftest.c  >&5
configure:3521: $? = 0
configure:3543: result: .exe
configure:3565: checking whether we are cross compiling
configure:3573: gcc -o conftest.exe    conftest.c  >&5
configure:3577: $? = 0
configure:3584: ./conftest.exe
configure:3588: $? = 0
configure:3603: result: no
configure:3608: checking for suffix of object files
configure:3630: gcc -c   conftest.c >&5
configure:3634: $? = 0
configure:3655: result: o
configure:3659: checking whether we are using the GNU C compiler
configure:3678: gcc -c   conftest.c >&5
configure:3678: $? = 0
configure:3687: result: yes
configure:3696: checking whether gcc accepts -g
configure:3716: gcc -c -g  conftest.c >&5
configure:3716: $? = 0
configure:3757: result: yes
configure:3774: checking for gcc option to accept ISO C89
configure:3837: gcc  -c -g -O2  conftest.c >&5
configure:3837: $? = 0
configure:3850: result: none needed
configure:3875: checking whether gcc understands -c and -o together
configure:3897: gcc -c conftest.c -o conftest2.o
configure:3900: $? = 0
configure:3897: gcc -c conftest.c -o conftest2.o
configure:3900: $? = 0
configure:3912: result: yes
configure:3931: checking dependency style of gcc
configure:4042: result: gcc3
configure:4057: checking for a sed that does not truncate output
configure:4121: result: /usr/bin/sed
configure:4139: checking for grep that handles long lines and -e
configure:4197: result: /usr/bin/grep
configure:4202: checking for egrep
configure:4264: result: /usr/bin/grep -E
configure:4269: checking for fgrep
configure:4331: result: /usr/bin/grep -F
configure:4366: checking for ld used by gcc
configure:4433: result: /usr/i686-pc-cygwin/bin/ld.exe
configure:4440: checking if the linker (/usr/i686-pc-cygwin/bin/ld.exe) is GNU ld
configure:4455: result: yes
configure:4467: checking for BSD- or MS-compatible name lister (nm)
configure:4516: result: /usr/bin/nm -B
configure:4646: checking the name lister (/usr/bin/nm -B) interface
configure:4653: gcc -c -g -O2  conftest.c >&5
configure:4656: /usr/bin/nm -B "conftest.o"
configure:4659: output
00000000 b .bss
00000000 d .data
00000000 N .debug_abbrev
00000000 N .debug_aranges
00000000 N .debug_info
00000000 N .debug_line
00000000 r .rdata$zzz
00000000 t .text
00000000 B _some_variable
configure:4666: result: BSD nm
configure:4669: checking whether ln -s works
configure:4673: result: yes
configure:4681: checking the maximum length of command line arguments
configure:4806: result: 8192
configure:4823: checking whether the shell understands some XSI constructs
configure:4833: result: yes
configure:4837: checking whether the shell understands "+="
configure:4843: result: yes
configure:4878: checking how to convert i686-pc-cygwin file names to i686-pc-cygwin format
configure:4918: result: func_convert_file_noop
configure:4925: checking how to convert i686-pc-cygwin file names to toolchain format
configure:4945: result: func_convert_file_noop
configure:4952: checking for /usr/i686-pc-cygwin/bin/ld.exe option to reload object files
configure:4959: result: -r
configure:5033: checking for objdump
configure:5049: found /usr/bin/objdump
configure:5060: result: objdump
configure:5092: checking how to recognize dependent libraries
configure:5294: result: file_magic ^x86 archive import|^x86 DLL
configure:5379: checking for dlltool
configure:5395: found /usr/bin/dlltool
configure:5406: result: dlltool
configure:5439: checking how to associate runtime and link libraries
configure:5466: result: func_cygming_dll_for_implib
configure:5527: checking for ar
configure:5543: found /usr/bin/ar
configure:5554: result: ar
configure:5591: checking for archiver @FILE support
configure:5608: gcc -c -g -O2  conftest.c >&5
configure:5608: $? = 0
configure:5611: ar cru libconftest.a @conftest.lst >&5
configure:5614: $? = 0
configure:5619: ar cru libconftest.a @conftest.lst >&5
ar: conftest.o: No such file or directory
configure:5622: $? = 1
configure:5634: result: @
configure:5692: checking for strip
configure:5708: found /usr/bin/strip
configure:5719: result: strip
configure:5791: checking for ranlib
configure:5807: found /usr/bin/ranlib
configure:5818: result: ranlib
configure:5920: checking command to parse /usr/bin/nm -B output from gcc object
configure:6039: gcc -c -g -O2  conftest.c >&5
configure:6042: $? = 0
configure:6046: /usr/bin/nm -B conftest.o \| sed -n -e 's/^.*[ ]\([ABCDGIRSTW][ABCDGIRSTW]*\)[ ][ ]*\([_A-Za-z][_A-Za-z0-9]*\)$/\1 \2 \2/p' | sed '/ __gnu_lto/d' \> conftest.nm
configure:6049: $? = 0
cannot find nm_test_var in conftest.nm
configure:6039: gcc -c -g -O2  conftest.c >&5
configure:6042: $? = 0
configure:6046: /usr/bin/nm -B conftest.o \| sed -n -e 's/^.*[ ]\([ABCDGIRSTW][ABCDGIRSTW]*\)[ ][ ]*_\([_A-Za-z][_A-Za-z0-9]*\)$/\1 _\2 \2/p' | sed '/ __gnu_lto/d' \> conftest.nm
configure:6049: $? = 0
configure:6115: gcc -o conftest.exe -g -O2   conftest.c conftstm.o >&5
configure:6118: $? = 0
configure:6156: result: ok
configure:6193: checking for sysroot
configure:6223: result: no
configure:6466: checking for mt
configure:6496: result: no
configure:6516: checking if : is a manifest tool
configure:6522: : '-?'
configure:6530: result: no
configure:7162: checking how to run the C preprocessor
configure:7193: gcc -E  conftest.c
configure:7193: $? = 0
configure:7207: gcc -E  conftest.c
conftest.c:11:28: fatal error: ac_nonexistent.h: No such file or directory
 #include <ac_nonexistent.h>
                            ^
compilation terminated.
configure:7207: $? = 1
configure: failed program was:
| /* confdefs.h */
| #define PACKAGE_NAME "parea3"
| #define PACKAGE_TARNAME "parea3"
| #define PACKAGE_VERSION "2.0"
| #define PACKAGE_STRING "parea3 2.0"
| #define PACKAGE_BUGREPORT ""
| #define PACKAGE_URL ""
| #define PACKAGE "parea3"
| #define VERSION "2.0"
| /* end confdefs.h.  */
| #include <ac_nonexistent.h>
configure:7232: result: gcc -E
configure:7252: gcc -E  conftest.c
configure:7252: $? = 0
configure:7266: gcc -E  conftest.c
conftest.c:11:28: fatal error: ac_nonexistent.h: No such file or directory
 #include <ac_nonexistent.h>
                            ^
compilation terminated.
configure:7266: $? = 1
configure: failed program was:
| /* confdefs.h */
| #define PACKAGE_NAME "parea3"
| #define PACKAGE_TARNAME "parea3"
| #define PACKAGE_VERSION "2.0"
| #define PACKAGE_STRING "parea3 2.0"
| #define PACKAGE_BUGREPORT ""
| #define PACKAGE_URL ""
| #define PACKAGE "parea3"
| #define VERSION "2.0"
| /* end confdefs.h.  */
| #include <ac_nonexistent.h>
configure:7295: checking for ANSI C header files
configure:7315: gcc -c -g -O2  conftest.c >&5
configure:7315: $? = 0
configure:7388: gcc -o conftest.exe -g -O2   conftest.c  >&5
configure:7388: $? = 0
configure:7388: ./conftest.exe
configure:7388: $? = 0
configure:7399: result: yes
configure:7412: checking for sys/types.h
configure:7412: gcc -c -g -O2  conftest.c >&5
configure:7412: $? = 0
configure:7412: result: yes
configure:7412: checking for sys/stat.h
configure:7412: gcc -c -g -O2  conftest.c >&5
configure:7412: $? = 0
configure:7412: result: yes
configure:7412: checking for stdlib.h
configure:7412: gcc -c -g -O2  conftest.c >&5
configure:7412: $? = 0
configure:7412: result: yes
configure:7412: checking for string.h
configure:7412: gcc -c -g -O2  conftest.c >&5
configure:7412: $? = 0
configure:7412: result: yes
configure:7412: checking for memory.h
configure:7412: gcc -c -g -O2  conftest.c >&5
configure:7412: $? = 0
configure:7412: result: yes
configure:7412: checking for strings.h
configure:7412: gcc -c -g -O2  conftest.c >&5
configure:7412: $? = 0
configure:7412: result: yes
configure:7412: checking for inttypes.h
configure:7412: gcc -c -g -O2  conftest.c >&5
configure:7412: $? = 0
configure:7412: result: yes
configure:7412: checking for stdint.h
configure:7412: gcc -c -g -O2  conftest.c >&5
configure:7412: $? = 0
configure:7412: result: yes
configure:7412: checking for unistd.h
configure:7412: gcc -c -g -O2  conftest.c >&5
configure:7412: $? = 0
configure:7412: result: yes
configure:7426: checking for dlfcn.h
configure:7426: gcc -c -g -O2  conftest.c >&5
configure:7426: $? = 0
configure:7426: result: yes
configure:7613: checking for objdir
configure:7628: result: .libs
configure:7895: checking if gcc supports -fno-rtti -fno-exceptions
configure:7913: gcc -c -g -O2  -fno-rtti -fno-exceptions conftest.c >&5
cc1: warning: command line option '-fno-rtti' is valid for C++/ObjC++ but not for C [enabled by default]
configure:7917: $? = 0
configure:7930: result: no
configure:8240: checking for gcc option to produce PIC
configure:8247: result: -DDLL_EXPORT -DPIC
configure:8255: checking if gcc PIC flag -DDLL_EXPORT -DPIC works
configure:8273: gcc -c -g -O2  -DDLL_EXPORT -DPIC -DPIC conftest.c >&5
configure:8277: $? = 0
configure:8290: result: yes
configure:8319: checking if gcc static flag -static works
configure:8347: result: yes
configure:8362: checking if gcc supports -c -o file.o
configure:8383: gcc -c -g -O2  -o out/conftest2.o conftest.c >&5
configure:8387: $? = 0
configure:8409: result: yes
configure:8417: checking if gcc supports -c -o file.o
configure:8464: result: yes
configure:8497: checking whether the gcc linker (/usr/i686-pc-cygwin/bin/ld.exe) supports shared libraries
configure:9655: result: yes
configure:9692: checking whether -lc should be explicitly linked in
configure:9700: gcc -c -g -O2  conftest.c >&5
configure:9703: $? = 0
configure:9718: gcc -shared conftest.o  -v -o ./conftest -Wl,--enable-auto-image-base -Xlinker --out-implib -Xlinker conftest 2\>\&1 \| /usr/bin/grep  -lc  \>/dev/null 2\>\&1
configure:9721: $? = 1
configure:9735: result: yes
configure:9900: checking dynamic linker characteristics
configure:10636: result: Win32 ld.exe
configure:10743: checking how to hardcode library paths into programs
configure:10768: result: immediate
configure:11308: checking whether stripping libraries is possible
configure:11313: result: yes
configure:11348: checking if libtool supports shared libraries
configure:11350: result: yes
configure:11353: checking whether to build shared libraries
configure:11374: result: yes
configure:11377: checking whether to build static libraries
configure:11381: result: yes
configure:11466: checking for gcc
configure:11493: result: gcc
configure:11722: checking for C compiler version
configure:11731: gcc --version >&5
gcc (GCC) 4.8.2
Copyright (C) 2013 Free Software Foundation, Inc.
This is free software; see the source for copying conditions.  There is NO
warranty; not even for MERCHANTABILITY or FITNESS FOR A PARTICULAR PURPOSE.

configure:11742: $? = 0
configure:11731: gcc -v >&5
Using built-in specs.
COLLECT_GCC=gcc
COLLECT_LTO_WRAPPER=/usr/lib/gcc/i686-pc-cygwin/4.8.2/lto-wrapper.exe
Target: i686-pc-cygwin
Configured with: /cygdrive/i/szsz/tmpp/gcc4/gcc-4.8.2-2/src/gcc-4.8.2/configure --srcdir=/cygdrive/i/szsz/tmpp/gcc4/gcc-4.8.2-2/src/gcc-4.8.2 --prefix=/usr --exec-prefix=/usr --bindir=/usr/bin --sbindir=/usr/sbin --libexecdir=/usr/libexec --datadir=/usr/share --localstatedir=/var --sysconfdir=/etc --libdir=/usr/lib --datarootdir=/usr/share --docdir=/usr/share/doc/gcc --htmldir=/usr/share/doc/gcc/html -C --build=i686-pc-cygwin --host=i686-pc-cygwin --target=i686-pc-cygwin --without-libiconv-prefix --without-libintl-prefix --enable-shared --enable-shared-libgcc --enable-static --enable-version-specific-runtime-libs --enable-bootstrap --disable-__cxa_atexit --with-dwarf2 --with-arch=i686 --with-tune=generic --disable-sjlj-exceptions --enable-languages=ada,c,c++,fortran,java,lto,objc,obj-c++ --enable-graphite --enable-threads=posix --enable-libatomic --enable-libgomp --disable-libitm --enable-libquadmath --enable-libquadmath-support --enable-libssp --enable-libada --enable-libjava --enable-libgcj-sublibs --disable-java-awt --disable-symvers --with-ecj-jar=/usr/share/java/ecj.jar --with-gnu-ld --with-gnu-as --with-cloog-include=/usr/include/cloog-isl --without-libiconv-prefix --without-libintl-prefix --with-system-zlib --libexecdir=/usr/lib
Thread model: posix
gcc version 4.8.2 (GCC) 
configure:11742: $? = 0
configure:11731: gcc -V >&5
gcc: error: unrecognized command line option '-V'
gcc: fatal error: no input files
compilation terminated.
configure:11742: $? = 1
configure:11731: gcc -qversion >&5
gcc: error: unrecognized command line option '-qversion'
gcc: fatal error: no input files
compilation terminated.
configure:11742: $? = 1
configure:11746: checking whether we are using the GNU C compiler
configure:11774: result: yes
configure:11783: checking whether gcc accepts -g
configure:11844: result: yes
configure:11861: checking for gcc option to accept ISO C89
configure:11937: result: none needed
configure:11962: checking whether gcc understands -c and -o together
configure:11999: result: yes
configure:12018: checking dependency style of gcc
configure:12129: result: gcc3
configure:12202: checking for g++
configure:12218: found /usr/bin/g++
configure:12229: result: g++
configure:12256: checking for C++ compiler version
configure:12265: g++ --version >&5
g++ (GCC) 4.8.2
Copyright (C) 2013 Free Software Foundation, Inc.
This is free software; see the source for copying conditions.  There is NO
warranty; not even for MERCHANTABILITY or FITNESS FOR A PARTICULAR PURPOSE.

configure:12276: $? = 0
configure:12265: g++ -v >&5
Using built-in specs.
COLLECT_GCC=g++
COLLECT_LTO_WRAPPER=/usr/lib/gcc/i686-pc-cygwin/4.8.2/lto-wrapper.exe
Target: i686-pc-cygwin
Configured with: /cygdrive/i/szsz/tmpp/gcc4/gcc-4.8.2-2/src/gcc-4.8.2/configure --srcdir=/cygdrive/i/szsz/tmpp/gcc4/gcc-4.8.2-2/src/gcc-4.8.2 --prefix=/usr --exec-prefix=/usr --bindir=/usr/bin --sbindir=/usr/sbin --libexecdir=/usr/libexec --datadir=/usr/share --localstatedir=/var --sysconfdir=/etc --libdir=/usr/lib --datarootdir=/usr/share --docdir=/usr/share/doc/gcc --htmldir=/usr/share/doc/gcc/html -C --build=i686-pc-cygwin --host=i686-pc-cygwin --target=i686-pc-cygwin --without-libiconv-prefix --without-libintl-prefix --enable-shared --enable-shared-libgcc --enable-static --enable-version-specific-runtime-libs --enable-bootstrap --disable-__cxa_atexit --with-dwarf2 --with-arch=i686 --with-tune=generic --disable-sjlj-exceptions --enable-languages=ada,c,c++,fortran,java,lto,objc,obj-c++ --enable-graphite --enable-threads=posix --enable-libatomic --enable-libgomp --disable-libitm --enable-libquadmath --enable-libquadmath-support --enable-libssp --enable-libada --enable-libjava --enable-libgcj-sublibs --disable-java-awt --disable-symvers --with-ecj-jar=/usr/share/java/ecj.jar --with-gnu-ld --with-gnu-as --with-cloog-include=/usr/include/cloog-isl --without-libiconv-prefix --without-libintl-prefix --with-system-zlib --libexecdir=/usr/lib
Thread model: posix
gcc version 4.8.2 (GCC) 
configure:12276: $? = 0
configure:12265: g++ -V >&5
g++: error: unrecognized command line option '-V'
g++: fatal error: no input files
compilation terminated.
configure:12276: $? = 1
configure:12265: g++ -qversion >&5
g++: error: unrecognized command line option '-qversion'
g++: fatal error: no input files
compilation terminated.
configure:12276: $? = 1
configure:12280: checking whether we are using the GNU C++ compiler
configure:12299: g++ -c   conftest.cpp >&5
configure:12299: $? = 0
configure:12308: result: yes
configure:12317: checking whether g++ accepts -g
configure:12337: g++ -c -g  conftest.cpp >&5
configure:12337: $? = 0
configure:12378: result: yes
configure:12403: checking dependency style of g++
configure:12514: result: gcc3
configure:12547: checking how to run the C++ preprocessor
configure:12574: g++ -E  conftest.cpp
configure:12574: $? = 0
configure:12588: g++ -E  conftest.cpp
conftest.cpp:23:28: fatal error: ac_nonexistent.h: No such file or directory
 #include <ac_nonexistent.h>
                            ^
compilation terminated.
configure:12588: $? = 1
configure: failed program was:
| /* confdefs.h */
| #define PACKAGE_NAME "parea3"
| #define PACKAGE_TARNAME "parea3"
| #define PACKAGE_VERSION "2.0"
| #define PACKAGE_STRING "parea3 2.0"
| #define PACKAGE_BUGREPORT ""
| #define PACKAGE_URL ""
| #define PACKAGE "parea3"
| #define VERSION "2.0"
| #define STDC_HEADERS 1
| #define HAVE_SYS_TYPES_H 1
| #define HAVE_SYS_STAT_H 1
| #define HAVE_STDLIB_H 1
| #define HAVE_STRING_H 1
| #define HAVE_MEMORY_H 1
| #define HAVE_STRINGS_H 1
| #define HAVE_INTTYPES_H 1
| #define HAVE_STDINT_H 1
| #define HAVE_UNISTD_H 1
| #define HAVE_DLFCN_H 1
| #define LT_OBJDIR ".libs/"
| /* end confdefs.h.  */
| #include <ac_nonexistent.h>
configure:12613: result: g++ -E
configure:12633: g++ -E  conftest.cpp
configure:12633: $? = 0
configure:12647: g++ -E  conftest.cpp
conftest.cpp:23:28: fatal error: ac_nonexistent.h: No such file or directory
 #include <ac_nonexistent.h>
                            ^
compilation terminated.
configure:12647: $? = 1
configure: failed program was:
| /* confdefs.h */
| #define PACKAGE_NAME "parea3"
| #define PACKAGE_TARNAME "parea3"
| #define PACKAGE_VERSION "2.0"
| #define PACKAGE_STRING "parea3 2.0"
| #define PACKAGE_BUGREPORT ""
| #define PACKAGE_URL ""
| #define PACKAGE "parea3"
| #define VERSION "2.0"
| #define STDC_HEADERS 1
| #define HAVE_SYS_TYPES_H 1
| #define HAVE_SYS_STAT_H 1
| #define HAVE_STDLIB_H 1
| #define HAVE_STRING_H 1
| #define HAVE_MEMORY_H 1
| #define HAVE_STRINGS_H 1
| #define HAVE_INTTYPES_H 1
| #define HAVE_STDINT_H 1
| #define HAVE_UNISTD_H 1
| #define HAVE_DLFCN_H 1
| #define LT_OBJDIR ".libs/"
| /* end confdefs.h.  */
| #include <ac_nonexistent.h>
configure:12817: checking for ld used by g++
configure:12884: result: /usr/i686-pc-cygwin/bin/ld.exe
configure:12891: checking if the linker (/usr/i686-pc-cygwin/bin/ld.exe) is GNU ld
configure:12906: result: yes
configure:12961: checking whether the g++ linker (/usr/i686-pc-cygwin/bin/ld.exe) supports shared libraries
configure:13965: result: yes
configure:14000: g++ -c -g -O2  conftest.cpp >&5
configure:14003: $? = 0
configure:14523: checking for g++ option to produce PIC
configure:14530: result: -DDLL_EXPORT -DPIC
configure:14538: checking if g++ PIC flag -DDLL_EXPORT -DPIC works
configure:14556: g++ -c -g -O2  -DDLL_EXPORT -DPIC -DPIC conftest.cpp >&5
configure:14560: $? = 0
configure:14573: result: yes
configure:14596: checking if g++ static flag -static works
configure:14624: result: yes
configure:14636: checking if g++ supports -c -o file.o
configure:14657: g++ -c -g -O2  -o out/conftest2.o conftest.cpp >&5
configure:14661: $? = 0
configure:14683: result: yes
configure:14688: checking if g++ supports -c -o file.o
configure:14735: result: yes
configure:14765: checking whether the g++ linker (/usr/i686-pc-cygwin/bin/ld.exe) supports shared libraries
configure:14799: result: yes
configure:14942: checking dynamic linker characteristics
configure:15612: result: Win32 ld.exe
configure:15665: checking how to hardcode library paths into programs
configure:15690: result: immediate
configure:15775: checking for ranlib
configure:15802: result: ranlib
configure:15983: checking that generated files are newer than configure
configure:15989: result: done
configure:16020: creating ./config.status

## ---------------------- ##
## Running config.status. ##
## ---------------------- ##

This file was extended by parea3 config.status 2.0, which was
generated by GNU Autoconf 2.69.  Invocation command line was

  CONFIG_FILES    = 
  CONFIG_HEADERS  = 
  CONFIG_LINKS    = 
  CONFIG_COMMANDS = 
  $ ./config.status 

on kresjemir-PC

config.status:1089: creating Makefile
config.status:1089: creating mm3parea/Makefile
config.status:1089: creating rm3parea/Makefile
config.status:1089: creating pyscan3parea/Makefile
config.status:1089: creating pyindent3parea/Makefile
config.status:1261: executing depfiles commands
config.status:1261: executing libtool commands

## ---------------- ##
## Cache variables. ##
## ---------------- ##

ac_cv_build=i686-pc-cygwin
ac_cv_c_compiler_gnu=yes
ac_cv_cxx_compiler_gnu=yes
ac_cv_env_CCC_set=
ac_cv_env_CCC_value=
ac_cv_env_CC_set=
ac_cv_env_CC_value=
ac_cv_env_CFLAGS_set=
ac_cv_env_CFLAGS_value=
ac_cv_env_CPPFLAGS_set=
ac_cv_env_CPPFLAGS_value=
ac_cv_env_CPP_set=
ac_cv_env_CPP_value=
ac_cv_env_CXXCPP_set=
ac_cv_env_CXXCPP_value=
ac_cv_env_CXXFLAGS_set=
ac_cv_env_CXXFLAGS_value=
ac_cv_env_CXX_set=
ac_cv_env_CXX_value=
ac_cv_env_LDFLAGS_set=
ac_cv_env_LDFLAGS_value=
ac_cv_env_LIBS_set=
ac_cv_env_LIBS_value=
ac_cv_env_build_alias_set=
ac_cv_env_build_alias_value=
ac_cv_env_host_alias_set=
ac_cv_env_host_alias_value=
ac_cv_env_target_alias_set=
ac_cv_env_target_alias_value=
ac_cv_exeext=.exe
ac_cv_header_dlfcn_h=yes
ac_cv_header_inttypes_h=yes
ac_cv_header_memory_h=yes
ac_cv_header_stdc=yes
ac_cv_header_stdint_h=yes
ac_cv_header_stdlib_h=yes
ac_cv_header_string_h=yes
ac_cv_header_strings_h=yes
ac_cv_header_sys_stat_h=yes
ac_cv_header_sys_types_h=yes
ac_cv_header_unistd_h=yes
ac_cv_host=i686-pc-cygwin
ac_cv_objext=o
ac_cv_path_EGREP='/usr/bin/grep -E'
ac_cv_path_FGREP='/usr/bin/grep -F'
ac_cv_path_GREP=/usr/bin/grep
ac_cv_path_SED=/usr/bin/sed
ac_cv_path_install='/usr/bin/install -c'
ac_cv_path_mkdir=/usr/bin/mkdir
ac_cv_prog_AWK=gawk
ac_cv_prog_CPP='gcc -E'
ac_cv_prog_CXXCPP='g++ -E'
ac_cv_prog_ac_ct_AR=ar
ac_cv_prog_ac_ct_CC=gcc
ac_cv_prog_ac_ct_CXX=g++
ac_cv_prog_ac_ct_DLLTOOL=dlltool
ac_cv_prog_ac_ct_OBJDUMP=objdump
ac_cv_prog_ac_ct_RANLIB=ranlib
ac_cv_prog_ac_ct_STRIP=strip
ac_cv_prog_cc_c89=
ac_cv_prog_cc_g=yes
ac_cv_prog_cxx_g=yes
ac_cv_prog_make_make_set=yes
am_cv_CC_dependencies_compiler_type=gcc3
am_cv_CXX_dependencies_compiler_type=gcc3
am_cv_make_support_nested_variables=yes
am_cv_prog_cc_c_o=yes
lt_cv_ar_at_file=@
lt_cv_archive_cmds_need_lc=yes
lt_cv_deplibs_check_method='file_magic ^x86 archive import|^x86 DLL'
lt_cv_file_magic_cmd=func_win32_libid
lt_cv_file_magic_test_file=
lt_cv_ld_reload_flag=-r
lt_cv_nm_interface='BSD nm'
lt_cv_objdir=.libs
lt_cv_path_LD=/usr/i686-pc-cygwin/bin/ld.exe
lt_cv_path_LDCXX=/usr/i686-pc-cygwin/bin/ld.exe
lt_cv_path_NM='/usr/bin/nm -B'
lt_cv_path_mainfest_tool=no
lt_cv_prog_compiler_c_o=yes
lt_cv_prog_compiler_c_o_CXX=yes
lt_cv_prog_compiler_pic='-DDLL_EXPORT -DPIC'
lt_cv_prog_compiler_pic_CXX='-DDLL_EXPORT -DPIC'
lt_cv_prog_compiler_pic_works=yes
lt_cv_prog_compiler_pic_works_CXX=yes
lt_cv_prog_compiler_rtti_exceptions=no
lt_cv_prog_compiler_static_works=yes
lt_cv_prog_compiler_static_works_CXX=yes
lt_cv_prog_gnu_ld=yes
lt_cv_prog_gnu_ldcxx=yes
lt_cv_sharedlib_from_linklib_cmd=func_cygming_dll_for_implib
lt_cv_sys_global_symbol_pipe='sed -n -e '\''s/^.*[	 ]\([ABCDGIRSTW][ABCDGIRSTW]*\)[	 ][	 ]*_\([_A-Za-z][_A-Za-z0-9]*\)$/\1 _\2 \2/p'\'' | sed '\''/ __gnu_lto/d'\'''
lt_cv_sys_global_symbol_to_c_name_address='sed -n -e '\''s/^: \([^ ]*\)[ ]*$/  {\"\1\", (void *) 0},/p'\'' -e '\''s/^[ABCDGIRSTW]* \([^ ]*\) \([^ ]*\)$/  {"\2", (void *) \&\2},/p'\'''
lt_cv_sys_global_symbol_to_c_name_address_lib_prefix='sed -n -e '\''s/^: \([^ ]*\)[ ]*$/  {\"\1\", (void *) 0},/p'\'' -e '\''s/^[ABCDGIRSTW]* \([^ ]*\) \(lib[^ ]*\)$/  {"\2", (void *) \&\2},/p'\'' -e '\''s/^[ABCDGIRSTW]* \([^ ]*\) \([^ ]*\)$/  {"lib\2", (void *) \&\2},/p'\'''
lt_cv_sys_global_symbol_to_cdecl='sed -n -e '\''s/^T .* \(.*\)$/extern int \1();/p'\'' -e '\''s/^[ABCDGIRSTW]* .* \(.*\)$/extern char \1;/p'\'''
lt_cv_sys_max_cmd_len=8192
lt_cv_to_host_file_cmd=func_convert_file_noop
lt_cv_to_tool_file_cmd=func_convert_file_noop

## ----------------- ##
## Output variables. ##
## ----------------- ##

ACLOCAL='${SHELL} /home/kresjemir/gitclone/parea3/missing aclocal-1.14'
AMDEPBACKSLASH='\'
AMDEP_FALSE='#'
AMDEP_TRUE=''
AMTAR='$${TAR-tar}'
AM_BACKSLASH='\'
AM_DEFAULT_V='$(AM_DEFAULT_VERBOSITY)'
AM_DEFAULT_VERBOSITY='1'
AM_V='$(V)'
AR='ar'
AUTOCONF='${SHELL} /home/kresjemir/gitclone/parea3/missing autoconf'
AUTOHEADER='${SHELL} /home/kresjemir/gitclone/parea3/missing autoheader'
AUTOMAKE='${SHELL} /home/kresjemir/gitclone/parea3/missing automake-1.14'
AWK='gawk'
CC='gcc'
CCDEPMODE='depmode=gcc3'
CFLAGS='-g -O2 -O0'
CPP='gcc -E'
CPPFLAGS=''
CXX='g++'
CXXCPP='g++ -E'
CXXDEPMODE='depmode=gcc3'
CXXFLAGS='-g -O2'
CYGPATH_W='cygpath -w'
DEFS='-DPACKAGE_NAME=\"parea3\" -DPACKAGE_TARNAME=\"parea3\" -DPACKAGE_VERSION=\"2.0\" -DPACKAGE_STRING=\"parea3\ 2.0\" -DPACKAGE_BUGREPORT=\"\" -DPACKAGE_URL=\"\" -DPACKAGE=\"parea3\" -DVERSION=\"2.0\" -DSTDC_HEADERS=1 -DHAVE_SYS_TYPES_H=1 -DHAVE_SYS_STAT_H=1 -DHAVE_STDLIB_H=1 -DHAVE_STRING_H=1 -DHAVE_MEMORY_H=1 -DHAVE_STRINGS_H=1 -DHAVE_INTTYPES_H=1 -DHAVE_STDINT_H=1 -DHAVE_UNISTD_H=1 -DHAVE_DLFCN_H=1 -DLT_OBJDIR=\".libs/\"'
DEPDIR='.deps'
DLLTOOL='dlltool'
DSYMUTIL=''
DUMPBIN=''
ECHO_C=''
ECHO_N='-n'
ECHO_T=''
EGREP='/usr/bin/grep -E'
EXEEXT='.exe'
FGREP='/usr/bin/grep -F'
GREP='/usr/bin/grep'
INSTALL_DATA='${INSTALL} -m 644'
INSTALL_PROGRAM='${INSTALL}'
INSTALL_SCRIPT='${INSTALL}'
INSTALL_STRIP_PROGRAM='$(install_sh) -c -s'
LD='/usr/i686-pc-cygwin/bin/ld.exe'
LDFLAGS=''
LIBOBJS=''
LIBS=''
LIBTOOL='$(SHELL) $(top_builddir)/libtool'
LIPO=''
LN_S='ln -s'
LTLIBOBJS=''
MAKEINFO='${SHELL} /home/kresjemir/gitclone/parea3/missing makeinfo'
MANIFEST_TOOL=':'
MKDIR_P='/usr/bin/mkdir -p'
NM='/usr/bin/nm -B'
NMEDIT=''
OBJDUMP='objdump'
OBJEXT='o'
OTOOL64=''
OTOOL=''
PACKAGE='parea3'
PACKAGE_BUGREPORT=''
PACKAGE_NAME='parea3'
PACKAGE_STRING='parea3 2.0'
PACKAGE_TARNAME='parea3'
PACKAGE_URL=''
PACKAGE_VERSION='2.0'
PATH_SEPARATOR=':'
RANLIB='ranlib'
SED='/usr/bin/sed'
SET_MAKE=''
SHELL='/bin/sh'
STRIP='strip'
VERSION='2.0'
ac_ct_AR='ar'
ac_ct_CC='gcc'
ac_ct_CXX='g++'
ac_ct_DUMPBIN=''
am__EXEEXT_FALSE='#'
am__EXEEXT_TRUE=''
am__fastdepCC_FALSE='#'
am__fastdepCC_TRUE=''
am__fastdepCXX_FALSE='#'
am__fastdepCXX_TRUE=''
am__include='include'
am__isrc=''
am__leading_dot='.'
am__nodep='_no'
am__quote=''
am__tar='$${TAR-tar} chof - "$$tardir"'
am__untar='$${TAR-tar} xf -'
bindir='${exec_prefix}/bin'
build='i686-pc-cygwin'
build_alias=''
build_cpu='i686'
build_os='cygwin'
build_vendor='pc'
datadir='${datarootdir}'
datarootdir='${prefix}/share'
docdir='${datarootdir}/doc/${PACKAGE_TARNAME}'
dvidir='${docdir}'
exec_prefix='${prefix}'
host='i686-pc-cygwin'
host_alias=''
host_cpu='i686'
host_os='cygwin'
host_vendor='pc'
htmldir='${docdir}'
includedir='${prefix}/include'
infodir='${datarootdir}/info'
install_sh='${SHELL} /home/kresjemir/gitclone/parea3/install-sh'
libdir='${exec_prefix}/lib'
libexecdir='${exec_prefix}/libexec'
localedir='${datarootdir}/locale'
localstatedir='${prefix}/var'
mandir='${datarootdir}/man'
mkdir_p='$(MKDIR_P)'
oldincludedir='/usr/include'
pdfdir='${docdir}'
prefix='/usr/local'
program_transform_name='s,x,x,'
psdir='${docdir}'
sbindir='${exec_prefix}/sbin'
sharedstatedir='${prefix}/com'
sysconfdir='${prefix}/etc'
target_alias=''

## ----------- ##
## confdefs.h. ##
## ----------- ##

/* confdefs.h */
#define PACKAGE_NAME "parea3"
#define PACKAGE_TARNAME "parea3"
#define PACKAGE_VERSION "2.0"
#define PACKAGE_STRING "parea3 2.0"
#define PACKAGE_BUGREPORT ""
#define PACKAGE_URL ""
#define PACKAGE "parea3"
#define VERSION "2.0"
#define STDC_HEADERS 1
#define HAVE_SYS_TYPES_H 1
#define HAVE_SYS_STAT_H 1
#define HAVE_STDLIB_H 1
#define HAVE_STRING_H 1
#define HAVE_MEMORY_H 1
#define HAVE_STRINGS_H 1
#define HAVE_INTTYPES_H 1
#define HAVE_STDINT_H 1
#define HAVE_UNISTD_H 1
#define HAVE_DLFCN_H 1
#define LT_OBJDIR ".libs/"

configure: exit 0
